2026-04-24 22:40:36,454 INFO o.a.j.u.JMeterUtils: Setting Locale to en_EN
2026-04-24 22:40:36,464 INFO o.a.j.JMeter: Loading user properties from: /opt/homebrew/Cellar/jmeter/5.6.3/libexec/bin/user.properties
2026-04-24 22:40:36,464 INFO o.a.j.JMeter: Loading system properties from: /opt/homebrew/Cellar/jmeter/5.6.3/libexec/bin/system.properties
2026-04-24 22:40:36,465 INFO o.a.j.JMeter: Copyright (c) 1998-2024 The Apache Software Foundation
2026-04-24 22:40:36,465 INFO o.a.j.JMeter: Version 5.6.3
2026-04-24 22:40:36,465 INFO o.a.j.JMeter: java.version=21.0.11
2026-04-24 22:40:36,465 INFO o.a.j.JMeter: java.vm.name=OpenJDK 64-Bit Server VM
2026-04-24 22:40:36,465 INFO o.a.j.JMeter: os.name=Mac OS X
2026-04-24 22:40:36,466 INFO o.a.j.JMeter: os.arch=aarch64
2026-04-24 22:40:36,466 INFO o.a.j.JMeter: os.version=26.4.1
2026-04-24 22:40:36,466 INFO o.a.j.JMeter: file.encoding=UTF-8
2026-04-24 22:40:36,466 INFO o.a.j.JMeter: java.awt.headless=null
2026-04-24 22:40:36,466 INFO o.a.j.JMeter: Max memory     =1073741824
2026-04-24 22:40:36,466 INFO o.a.j.JMeter: Available Processors =10
2026-04-24 22:40:36,469 INFO o.a.j.JMeter: Default Locale=English (EN)
2026-04-24 22:40:36,469 INFO o.a.j.JMeter: JMeter  Locale=English (EN)
2026-04-24 22:40:36,469 INFO o.a.j.JMeter: JMeterHome=/opt/homebrew/Cellar/jmeter/5.6.3/libexec
2026-04-24 22:40:36,469 INFO o.a.j.JMeter: user.dir  =/Users/rupesh-sengar/Documents/projects/code-share/server-typescript
2026-04-24 22:40:36,469 INFO o.a.j.JMeter: PWD       =/Users/rupesh-sengar/Documents/projects/code-share/server-typescript
2026-04-24 22:40:36,471 INFO o.a.j.JMeter: IP: 127.0.0.1 Name: Rupeshs-MacBook-Air.local FullName: localhost
2026-04-24 22:40:36,475 INFO o.a.j.JMeter: Loaded icon properties from org/apache/jmeter/images/icon.properties
2026-04-24 22:40:37,484 INFO o.a.j.JMeterGuiLauncher: Setting LAF to: com.github.weisj.darklaf.DarkLaf:com.github.weisj.darklaf.theme.DarculaTheme
2026-04-24 22:40:38,355 INFO o.a.j.r.ClassFinder: Will scan jar /opt/homebrew/Cellar/jmeter/5.6.3/libexec/lib/ext/jmeter-plugins-manager-1.9.jar with filter ExtendsClassFilter [parents=[interface org.apache.jmeter.gui.action.Command], inner=false, contains=null, notContains=null]. Consider exposing JMeter plugins via META-INF/services, and add JMeter-Skip-Class-Scanning=true manifest attribute so JMeter can skip classfile scanning
2026-04-24 22:40:38,401 INFO o.a.j.r.ClassFinder: Will scan jar /opt/homebrew/Cellar/jmeter/5.6.3/libexec/lib/ext/jmeter-plugins-manager-1.9.jar with filter ExtendsClassFilter [parents=[interface org.apache.jmeter.gui.plugin.MenuCreator], inner=false, contains=null, notContains=null]. Consider exposing JMeter plugins via META-INF/services, and add JMeter-Skip-Class-Scanning=true manifest attribute so JMeter can skip classfile scanning
2026-04-24 22:40:38,430 INFO o.j.r.JARSourceHTTP: Requesting https://jmeter-plugins.org/repo/?installID=mac_os_x-1fa96dace434880cf8b0d91f26ee2d20-gui
2026-04-24 22:40:41,492 INFO o.j.r.PluginManager: Plugins Status: [jpgc-plugins-manager=1.9, jmeter-core=5.6.3, jmeter-ftp=5.6.3, jmeter-http=5.6.3, jmeter-jdbc=5.6.3, jmeter-jms=5.6.3, jmeter-junit=5.6.3, jmeter-java=5.6.3, jmeter-ldap=5.6.3, jmeter-mail=5.6.3, jmeter-mongodb=5.6.3, jmeter-native=5.6.3, jmeter-tcp=5.6.3, jmeter-components=5.6.3]
2026-04-24 22:40:41,492 INFO o.j.r.PluginManagerMenuItem: Plugins Manager has upgrades: [jpgc-plugins-manager]
2026-04-24 22:40:51,938 INFO o.a.j.e.StandardJMeterEngine: Running the test!
2026-04-24 22:40:51,939 INFO o.a.j.s.SampleEvent: List of sample_variables: []
2026-04-24 22:40:51,939 INFO o.a.j.s.SampleEvent: List of sample_variables: []
2026-04-24 22:40:51,940 INFO o.a.j.e.u.CompoundVariable: Note: Function class names must contain the string: '.functions.'
2026-04-24 22:40:51,940 INFO o.a.j.e.u.CompoundVariable: Note: Function class names must not contain the string: '.gui.'
2026-04-24 22:40:51,965 INFO o.a.j.r.ClassFinder: Will scan jar /opt/homebrew/Cellar/jmeter/5.6.3/libexec/lib/ext/jmeter-plugins-manager-1.9.jar with filter ExtendsClassFilter [parents=[interface org.apache.jmeter.functions.Function], inner=false, contains=null, notContains=null]. Consider exposing JMeter plugins via META-INF/services, and add JMeter-Skip-Class-Scanning=true manifest attribute so JMeter can skip classfile scanning
2026-04-24 22:40:51,967 INFO o.a.j.g.u.JMeterMenuBar: setRunning(true, *local*)
2026-04-24 22:40:51,982 INFO o.a.j.e.StandardJMeterEngine: No enabled thread groups found
2026-04-24 22:40:51,983 INFO o.a.j.e.StandardJMeterEngine: Notifying test listeners of end of test
2026-04-24 22:40:51,984 INFO o.a.j.s.FileServer: Default base='/Users/rupesh-sengar/Documents/projects/code-share/server-typescript'
2026-04-24 22:40:51,984 INFO o.a.j.g.u.JMeterMenuBar: setRunning(false, *local*)
